# JRE version: Java(TM) SE Runtime Environment (17.0.10+11) (build 17.0.10+11-LTS-240)
# Java VM: Java HotSpot(TM) 64-Bit Server VM (17.0.10+11-LTS-240, mixed mode, sharing, tiered, compressed oops, compressed class ptrs, g1 gc, bsd-amd64)
GC Precious Log:
 CPUs: 4 total, 4 available
 Memory: 16384M
 Large Page Support: Disabled
 NUMA Support: Disabled
 Compressed Oops: Enabled (Zero based)
 Heap Region Size: 2M
 Heap Min Capacity: 8M
 Heap Initial Capacity: 256M
 Heap Max Capacity: 4G
 Pre-touch: Disabled
 Parallel Workers: 4
 Concurrent Workers: 1
 Concurrent Refinement Workers: 4
 Periodic GC: Disabled
Heap:
 garbage-first heap   total 90112K, used 38674K [0x0000000700000000, 0x0000000800000000)
  region size 2048K, 9 young (18432K), 3 survivors (6144K)
 Metaspace       used 67612K, committed 68160K, reserved 1114112K
  class space    used 9328K, committed 9600K, reserved 1048576K
GC Heap History (20 events):
Event: 3.043 GC heap before
{Heap before GC invocations=2 (full 0):
 garbage-first heap   total 266240K, used 29019K [0x0000000700000000, 0x0000000800000000)
  region size 2048K, 11 young (22528K), 1 survivors (2048K)
 Metaspace       used 10640K, committed 10944K, reserved 1114112K
  class space    used 1338K, committed 1472K, reserved 1048576K
}
Event: 3.053 GC heap after
{Heap after GC invocations=3 (full 0):
 garbage-first heap   total 266240K, used 10020K [0x0000000700000000, 0x0000000800000000)
  region size 2048K, 2 young (4096K), 2 survivors (4096K)
 Metaspace       used 10640K, committed 10944K, reserved 1114112K
  class space    used 1338K, committed 1472K, reserved 1048576K
}
Event: 7.245 GC heap before
{Heap before GC invocations=3 (full 0):
 garbage-first heap   total 266240K, used 67364K [0x0000000700000000, 0x0000000800000000)
  region size 2048K, 31 young (63488K), 2 survivors (4096K)
 Metaspace       used 21215K, committed 21504K, reserved 1114112K
  class space    used 2702K, committed 2880K, reserved 1048576K
}
Event: 7.286 GC heap after
{Heap after GC invocations=4 (full 0):
 garbage-first heap   total 266240K, used 15037K [0x0000000700000000, 0x0000000800000000)
  region size 2048K, 4 young (8192K), 4 survivors (8192K)
 Metaspace       used 21215K, committed 21504K, reserved 1114112K
  class space    used 2702K, committed 2880K, reserved 1048576K
}
Event: 9.978 GC heap before
{Heap before GC invocations=5 (full 0):
 garbage-first heap   total 61440K, used 43709K [0x0000000700000000, 0x0000000800000000)
  region size 2048K, 18 young (36864K), 4 survivors (8192K)
 Metaspace       used 26865K, committed 27264K, reserved 1114112K
  class space    used 3487K, committed 3648K, reserved 1048576K
}
Event: 10.028 GC heap after
{Heap after GC invocations=6 (full 0):
 garbage-first heap   total 61440K, used 18199K [0x0000000700000000, 0x0000000800000000)
  region size 2048K, 2 young (4096K), 2 survivors (4096K)
 Metaspace       used 26865K, committed 27264K, reserved 1114112K
  class space    used 3487K, committed 3648K, reserved 1048576K
}
Event: 10.319 GC heap before
{Heap before GC invocations=6 (full 0):
 garbage-first heap   total 61440K, used 20247K [0x0000000700000000, 0x0000000800000000)
  region size 2048K, 3 young (6144K), 2 survivors (4096K)
 Metaspace       used 27214K, committed 27584K, reserved 1114112K
  class space    used 3538K, committed 3712K, reserved 1048576K
}
Event: 10.354 GC heap after
{Heap after GC invocations=7 (full 0):
 garbage-first heap   total 61440K, used 19005K [0x0000000700000000, 0x0000000800000000)
  region size 2048K, 1 young (2048K), 1 survivors (2048K)
 Metaspace       used 27214K, committed 27584K, reserved 1114112K
  class space    used 3538K, committed 3712K, reserved 1048576K
}
Event: 12.331 GC heap before
{Heap before GC invocations=7 (full 0):
 garbage-first heap   total 61440K, used 39485K [0x0000000700000000, 0x0000000800000000)
  region size 2048K, 11 young (22528K), 1 survivors (2048K)
 Metaspace       used 31614K, committed 32000K, reserved 1114112K
  class space    used 4198K, committed 4352K, reserved 1048576K
}
Event: 12.344 GC heap after
{Heap after GC invocations=8 (full 0):
 garbage-first heap   total 161792K, used 19654K [0x0000000700000000, 0x0000000800000000)
  region size 2048K, 1 young (2048K), 1 survivors (2048K)
 Metaspace       used 31614K, committed 32000K, reserved 1114112K
  class space    used 4198K, committed 4352K, reserved 1048576K
}
Event: 13.531 GC heap before
{Heap before GC invocations=8 (full 0):
 garbage-first heap   total 161792K, used 36038K [0x0000000700000000, 0x0000000800000000)
  region size 2048K, 10 young (20480K), 1 survivors (2048K)
 Metaspace       used 35617K, committed 35968K, reserved 1114112K
  class space    used 4812K, committed 4992K, reserved 1048576K
}
Event: 13.541 GC heap after
{Heap after GC invocations=9 (full 0):
 garbage-first heap   total 161792K, used 20565K [0x0000000700000000, 0x0000000800000000)
  region size 2048K, 2 young (4096K), 2 survivors (4096K)
 Metaspace       used 35617K, committed 35968K, reserved 1114112K
  class space    used 4812K, committed 4992K, reserved 1048576K
}
Event: 17.638 GC heap before
{Heap before GC invocations=10 (full 0):
 garbage-first heap   total 90112K, used 69717K [0x0000000700000000, 0x0000000800000000)
  region size 2048K, 26 young (53248K), 2 survivors (4096K)
 Metaspace       used 52148K, committed 52608K, reserved 1114112K
  class space    used 7010K, committed 7232K, reserved 1048576K
}
Event: 17.652 GC heap after
{Heap after GC invocations=11 (full 0):
 garbage-first heap   total 90112K, used 24089K [0x0000000700000000, 0x0000000800000000)
  region size 2048K, 3 young (6144K), 3 survivors (6144K)
 Metaspace       used 52148K, committed 52608K, reserved 1114112K
  class space    used 7010K, committed 7232K, reserved 1048576K
}
Event: 17.768 GC heap before
{Heap before GC invocations=11 (full 0):
 garbage-first heap   total 90112K, used 24089K [0x0000000700000000, 0x0000000800000000)
  region size 2048K, 4 young (8192K), 3 survivors (6144K)
 Metaspace       used 52576K, committed 52992K, reserved 1114112K
  class space    used 7120K, committed 7296K, reserved 1048576K
}
Event: 17.789 GC heap after
{Heap after GC invocations=12 (full 0):
 garbage-first heap   total 90112K, used 23931K [0x0000000700000000, 0x0000000800000000)
  region size 2048K, 1 young (2048K), 1 survivors (2048K)
 Metaspace       used 52576K, committed 52992K, reserved 1114112K
  class space    used 7120K, committed 7296K, reserved 1048576K
}
Event: 19.718 GC heap before
{Heap before GC invocations=12 (full 0):
 garbage-first heap   total 90112K, used 54651K [0x0000000700000000, 0x0000000800000000)
  region size 2048K, 17 young (34816K), 1 survivors (2048K)
 Metaspace       used 59670K, committed 60096K, reserved 1114112K
  class space    used 8123K, committed 8320K, reserved 1048576K
}
Event: 19.726 GC heap after
{Heap after GC invocations=13 (full 0):
 garbage-first heap   total 90112K, used 24907K [0x0000000700000000, 0x0000000800000000)
  region size 2048K, 1 young (2048K), 1 survivors (2048K)
 Metaspace       used 59670K, committed 60096K, reserved 1114112K
  class space    used 8123K, committed 8320K, reserved 1048576K
}
Event: 39.262 GC heap before
{Heap before GC invocations=14 (full 0):
 garbage-first heap   total 90112K, used 65867K [0x0000000700000000, 0x0000000800000000)
  region size 2048K, 21 young (43008K), 1 survivors (2048K)
 Metaspace       used 65294K, committed 65856K, reserved 1114112K
  class space    used 9005K, committed 9280K, reserved 1048576K
}
Event: 39.275 GC heap after
{Heap after GC invocations=15 (full 0):
 garbage-first heap   total 90112K, used 28434K [0x0000000700000000, 0x0000000800000000)
  region size 2048K, 3 young (6144K), 3 survivors (6144K)
 Metaspace       used 65294K, committed 65856K, reserved 1114112K
  class space    used 9005K, committed 9280K, reserved 1048576K
}

